{"name": "test_task2", "status": "failed", "statusDetails": {"message": "AssertionError: assert True == False", "trace": "def test_task2():\n      chrome_option= Options()\n      chrome_option.add_argument(\"--incognito\")\n      chrome_option.add_argument(\"--start-maximized \")\n    \n      driver = webdriver.Chrome(chrome_option)\n      driver.get(\"https://katalon-demo-cura.herokuapp.com/\")\n    \n>     assert True == False\nE     assert True == False\n\nsrc\\test_lab\\test_lab3.py:13: AssertionError"}, "start": 1734426866220, "stop": 1734426875429, "uuid": "55c48173-5bfb-4baf-aa01-3083c437258c", "historyId": "815ab3cc0ca0f9fd0cb544dc555aa91d", "testCaseId": "815ab3cc0ca0f9fd0cb544dc555aa91d", "fullName": "src.test_lab.test_lab3#test_task2", "labels": [{"name": "parentSuite", "value": "src.test_lab"}, {"name": "suite", "value": "test_lab3"}, {"name": "host", "value": "DANYBABA"}, {"name": "thread", "value": "11144-MainThread"}, {"name": "framework", "value": "pytest"}, {"name": "language", "value": "cpython3"}, {"name": "package", "value": "src.test_lab.test_lab3"}]}